[2021-03-17 02:12:18,442] {{taskinstance.py:670}} INFO - Dependencies all met for <TaskInstance: marketvol.create_directory 2021-03-17T02:12:11.583113+00:00 [queued]>
[2021-03-17 02:12:18,510] {{taskinstance.py:670}} INFO - Dependencies all met for <TaskInstance: marketvol.create_directory 2021-03-17T02:12:11.583113+00:00 [queued]>
[2021-03-17 02:12:18,510] {{taskinstance.py:880}} INFO - 
--------------------------------------------------------------------------------
[2021-03-17 02:12:18,511] {{taskinstance.py:881}} INFO - Starting attempt 1 of 3
[2021-03-17 02:12:18,511] {{taskinstance.py:882}} INFO - 
--------------------------------------------------------------------------------
[2021-03-17 02:12:18,529] {{taskinstance.py:901}} INFO - Executing <Task(BashOperator): create_directory> on 2021-03-17T02:12:11.583113+00:00
[2021-03-17 02:12:18,535] {{standard_task_runner.py:54}} INFO - Started process 1178 to run task
[2021-03-17 02:12:18,638] {{standard_task_runner.py:77}} INFO - Running: ['airflow', 'run', 'marketvol', 'create_directory', '2021-03-17T02:12:11.583113+00:00', '--job_id', '77', '--pool', 'default_pool', '--raw', '-sd', 'DAGS_FOLDER/stock-market-dag.py', '--cfg_path', '/tmp/tmpzrale93i']
[2021-03-17 02:12:18,638] {{standard_task_runner.py:78}} INFO - Job 77: Subtask create_directory
[2021-03-17 02:12:18,705] {{logging_mixin.py:112}} INFO - Running <TaskInstance: marketvol.create_directory 2021-03-17T02:12:11.583113+00:00 [running]> on host 6ef8928b229b
[2021-03-17 02:12:18,746] {{bash_operator.py:113}} INFO - Tmp dir root location: 
 /tmp
[2021-03-17 02:12:18,747] {{bash_operator.py:136}} INFO - Temporary script location: /tmp/airflowtmpeoaw8mqb/create_directory5x_242bc
[2021-03-17 02:12:18,747] {{bash_operator.py:146}} INFO - Running command: mkdir -p /usr/local/spark/resources/data/tmp/2021-03-17
[2021-03-17 02:12:18,760] {{bash_operator.py:153}} INFO - Output:
[2021-03-17 02:12:18,786] {{bash_operator.py:161}} INFO - Command exited with return code 0
[2021-03-17 02:12:18,806] {{taskinstance.py:1070}} INFO - Marking task as SUCCESS.dag_id=marketvol, task_id=create_directory, execution_date=20210317T021211, start_date=20210317T021218, end_date=20210317T021218
[2021-03-17 02:12:23,394] {{local_task_job.py:102}} INFO - Task exited with return code 0
