[2021-03-16 00:58:16,972] {{taskinstance.py:670}} INFO - Dependencies all met for <TaskInstance: marketvol.create_directory 2021-03-16T00:58:10.733239+00:00 [queued]>
[2021-03-16 00:58:17,020] {{taskinstance.py:670}} INFO - Dependencies all met for <TaskInstance: marketvol.create_directory 2021-03-16T00:58:10.733239+00:00 [queued]>
[2021-03-16 00:58:17,020] {{taskinstance.py:880}} INFO - 
--------------------------------------------------------------------------------
[2021-03-16 00:58:17,020] {{taskinstance.py:881}} INFO - Starting attempt 1 of 3
[2021-03-16 00:58:17,020] {{taskinstance.py:882}} INFO - 
--------------------------------------------------------------------------------
[2021-03-16 00:58:17,045] {{taskinstance.py:901}} INFO - Executing <Task(BashOperator): create_directory> on 2021-03-16T00:58:10.733239+00:00
[2021-03-16 00:58:17,050] {{standard_task_runner.py:54}} INFO - Started process 15677 to run task
[2021-03-16 00:58:17,137] {{standard_task_runner.py:77}} INFO - Running: ['airflow', 'run', 'marketvol', 'create_directory', '2021-03-16T00:58:10.733239+00:00', '--job_id', '37', '--pool', 'default_pool', '--raw', '-sd', 'DAGS_FOLDER/stock-market-dag.py', '--cfg_path', '/tmp/tmppeyhxv3a']
[2021-03-16 00:58:17,138] {{standard_task_runner.py:78}} INFO - Job 37: Subtask create_directory
[2021-03-16 00:58:17,217] {{logging_mixin.py:112}} INFO - Running <TaskInstance: marketvol.create_directory 2021-03-16T00:58:10.733239+00:00 [running]> on host 6ef8928b229b
[2021-03-16 00:58:17,269] {{bash_operator.py:113}} INFO - Tmp dir root location: 
 /tmp
[2021-03-16 00:58:17,273] {{bash_operator.py:136}} INFO - Temporary script location: /tmp/airflowtmppt4hd7pj/create_directory0sz_v9p9
[2021-03-16 00:58:17,274] {{bash_operator.py:146}} INFO - Running command: mkdir -p /usr/local/spark/resources/data/tmp/2021-03-16
[2021-03-16 00:58:17,299] {{bash_operator.py:153}} INFO - Output:
[2021-03-16 00:58:17,333] {{bash_operator.py:161}} INFO - Command exited with return code 0
[2021-03-16 00:58:17,404] {{taskinstance.py:1070}} INFO - Marking task as SUCCESS.dag_id=marketvol, task_id=create_directory, execution_date=20210316T005810, start_date=20210316T005816, end_date=20210316T005817
[2021-03-16 00:58:21,937] {{local_task_job.py:102}} INFO - Task exited with return code 0
