[2021-03-16 00:56:22,015] {{taskinstance.py:670}} INFO - Dependencies all met for <TaskInstance: marketvol.create_directory 2021-03-16T00:56:17.933716+00:00 [queued]>
[2021-03-16 00:56:22,051] {{taskinstance.py:670}} INFO - Dependencies all met for <TaskInstance: marketvol.create_directory 2021-03-16T00:56:17.933716+00:00 [queued]>
[2021-03-16 00:56:22,051] {{taskinstance.py:880}} INFO - 
--------------------------------------------------------------------------------
[2021-03-16 00:56:22,051] {{taskinstance.py:881}} INFO - Starting attempt 1 of 3
[2021-03-16 00:56:22,052] {{taskinstance.py:882}} INFO - 
--------------------------------------------------------------------------------
[2021-03-16 00:56:22,083] {{taskinstance.py:901}} INFO - Executing <Task(BashOperator): create_directory> on 2021-03-16T00:56:17.933716+00:00
[2021-03-16 00:56:22,088] {{standard_task_runner.py:54}} INFO - Started process 14513 to run task
[2021-03-16 00:56:22,181] {{standard_task_runner.py:77}} INFO - Running: ['airflow', 'run', 'marketvol', 'create_directory', '2021-03-16T00:56:17.933716+00:00', '--job_id', '32', '--pool', 'default_pool', '--raw', '-sd', 'DAGS_FOLDER/stock-market-dag.py', '--cfg_path', '/tmp/tmptywf5vqb']
[2021-03-16 00:56:22,181] {{standard_task_runner.py:78}} INFO - Job 32: Subtask create_directory
[2021-03-16 00:56:22,270] {{logging_mixin.py:112}} INFO - Running <TaskInstance: marketvol.create_directory 2021-03-16T00:56:17.933716+00:00 [running]> on host 6ef8928b229b
[2021-03-16 00:56:22,318] {{bash_operator.py:113}} INFO - Tmp dir root location: 
 /tmp
[2021-03-16 00:56:22,320] {{bash_operator.py:136}} INFO - Temporary script location: /tmp/airflowtmpj__lhgve/create_directoryh5h1izn1
[2021-03-16 00:56:22,320] {{bash_operator.py:146}} INFO - Running command: mkdir -p /usr/local/spark/resources/data/tmp/2021-03-16
[2021-03-16 00:56:22,332] {{bash_operator.py:153}} INFO - Output:
[2021-03-16 00:56:22,347] {{bash_operator.py:161}} INFO - Command exited with return code 0
[2021-03-16 00:56:22,375] {{taskinstance.py:1070}} INFO - Marking task as SUCCESS.dag_id=marketvol, task_id=create_directory, execution_date=20210316T005617, start_date=20210316T005622, end_date=20210316T005622
[2021-03-16 00:56:26,989] {{local_task_job.py:102}} INFO - Task exited with return code 0
