[2021-03-16 00:46:30,471] {{taskinstance.py:670}} INFO - Dependencies all met for <TaskInstance: marketvol.get_tesla_data 2021-03-16T00:46:14.245328+00:00 [queued]>
[2021-03-16 00:46:30,606] {{taskinstance.py:670}} INFO - Dependencies all met for <TaskInstance: marketvol.get_tesla_data 2021-03-16T00:46:14.245328+00:00 [queued]>
[2021-03-16 00:46:30,606] {{taskinstance.py:880}} INFO - 
--------------------------------------------------------------------------------
[2021-03-16 00:46:30,607] {{taskinstance.py:881}} INFO - Starting attempt 1 of 3
[2021-03-16 00:46:30,607] {{taskinstance.py:882}} INFO - 
--------------------------------------------------------------------------------
[2021-03-16 00:46:30,641] {{taskinstance.py:901}} INFO - Executing <Task(PythonOperator): get_tesla_data> on 2021-03-16T00:46:14.245328+00:00
[2021-03-16 00:46:30,651] {{standard_task_runner.py:54}} INFO - Started process 8505 to run task
[2021-03-16 00:46:30,850] {{standard_task_runner.py:77}} INFO - Running: ['airflow', 'run', 'marketvol', 'get_tesla_data', '2021-03-16T00:46:14.245328+00:00', '--job_id', '18', '--pool', 'default_pool', '--raw', '-sd', 'DAGS_FOLDER/stock-market-dag.py', '--cfg_path', '/tmp/tmpte_3bwsx']
[2021-03-16 00:46:30,851] {{standard_task_runner.py:78}} INFO - Job 18: Subtask get_tesla_data
[2021-03-16 00:46:31,038] {{logging_mixin.py:112}} INFO - Running <TaskInstance: marketvol.get_tesla_data 2021-03-16T00:46:14.245328+00:00 [running]> on host 6ef8928b229b
[2021-03-16 00:46:31,441] {{logging_mixin.py:112}} INFO - [*********************100%***********************]  1 of 1 completed
[2021-03-16 00:46:31,441] {{logging_mixin.py:112}} INFO - 
[2021-03-16 00:46:31,441] {{logging_mixin.py:112}} INFO - 
1 Failed download:
[2021-03-16 00:46:31,441] {{logging_mixin.py:112}} INFO - - TSLA: No data found for this date range, symbol may be delisted
[2021-03-16 00:46:31,452] {{python_operator.py:114}} INFO - Done. Returned value was: None
[2021-03-16 00:46:31,484] {{taskinstance.py:1070}} INFO - Marking task as SUCCESS.dag_id=marketvol, task_id=get_tesla_data, execution_date=20210316T004614, start_date=20210316T004630, end_date=20210316T004631
[2021-03-16 00:46:35,407] {{local_task_job.py:102}} INFO - Task exited with return code 0
