[2021-03-16 00:46:39,815] {{taskinstance.py:670}} INFO - Dependencies all met for <TaskInstance: marketvol.move_tesla 2021-03-16T00:46:14.245328+00:00 [queued]>
[2021-03-16 00:46:39,861] {{taskinstance.py:670}} INFO - Dependencies all met for <TaskInstance: marketvol.move_tesla 2021-03-16T00:46:14.245328+00:00 [queued]>
[2021-03-16 00:46:39,862] {{taskinstance.py:880}} INFO - 
--------------------------------------------------------------------------------
[2021-03-16 00:46:39,862] {{taskinstance.py:881}} INFO - Starting attempt 1 of 3
[2021-03-16 00:46:39,862] {{taskinstance.py:882}} INFO - 
--------------------------------------------------------------------------------
[2021-03-16 00:46:39,892] {{taskinstance.py:901}} INFO - Executing <Task(BashOperator): move_tesla> on 2021-03-16T00:46:14.245328+00:00
[2021-03-16 00:46:39,901] {{standard_task_runner.py:54}} INFO - Started process 8602 to run task
[2021-03-16 00:46:40,023] {{standard_task_runner.py:77}} INFO - Running: ['airflow', 'run', 'marketvol', 'move_tesla', '2021-03-16T00:46:14.245328+00:00', '--job_id', '21', '--pool', 'default_pool', '--raw', '-sd', 'DAGS_FOLDER/stock-market-dag.py', '--cfg_path', '/tmp/tmphmu0uqch']
[2021-03-16 00:46:40,023] {{standard_task_runner.py:78}} INFO - Job 21: Subtask move_tesla
[2021-03-16 00:46:40,161] {{logging_mixin.py:112}} INFO - Running <TaskInstance: marketvol.move_tesla 2021-03-16T00:46:14.245328+00:00 [running]> on host 6ef8928b229b
[2021-03-16 00:46:40,283] {{bash_operator.py:113}} INFO - Tmp dir root location: 
 /tmp
[2021-03-16 00:46:40,285] {{bash_operator.py:136}} INFO - Temporary script location: /tmp/airflowtmp3cv7wau5/move_teslat47xu0gv
[2021-03-16 00:46:40,288] {{bash_operator.py:146}} INFO - Running command: mv /usr/local/spark/resources/data/tmp/2021-03-16/tsla-data.csv /usr/local/spark/resources/data/query/
[2021-03-16 00:46:40,322] {{bash_operator.py:153}} INFO - Output:
[2021-03-16 00:46:40,345] {{bash_operator.py:161}} INFO - Command exited with return code 0
[2021-03-16 00:46:40,394] {{taskinstance.py:1070}} INFO - Marking task as SUCCESS.dag_id=marketvol, task_id=move_tesla, execution_date=20210316T004614, start_date=20210316T004639, end_date=20210316T004640
[2021-03-16 00:46:44,828] {{local_task_job.py:102}} INFO - Task exited with return code 0
