[2021-03-16 00:46:37,972] {{taskinstance.py:670}} INFO - Dependencies all met for <TaskInstance: marketvol.move_apple 2021-03-16T00:46:14.245328+00:00 [queued]>
[2021-03-16 00:46:38,154] {{taskinstance.py:670}} INFO - Dependencies all met for <TaskInstance: marketvol.move_apple 2021-03-16T00:46:14.245328+00:00 [queued]>
[2021-03-16 00:46:38,154] {{taskinstance.py:880}} INFO - 
--------------------------------------------------------------------------------
[2021-03-16 00:46:38,154] {{taskinstance.py:881}} INFO - Starting attempt 1 of 3
[2021-03-16 00:46:38,154] {{taskinstance.py:882}} INFO - 
--------------------------------------------------------------------------------
[2021-03-16 00:46:38,221] {{taskinstance.py:901}} INFO - Executing <Task(BashOperator): move_apple> on 2021-03-16T00:46:14.245328+00:00
[2021-03-16 00:46:38,233] {{standard_task_runner.py:54}} INFO - Started process 8586 to run task
[2021-03-16 00:46:38,573] {{standard_task_runner.py:77}} INFO - Running: ['airflow', 'run', 'marketvol', 'move_apple', '2021-03-16T00:46:14.245328+00:00', '--job_id', '20', '--pool', 'default_pool', '--raw', '-sd', 'DAGS_FOLDER/stock-market-dag.py', '--cfg_path', '/tmp/tmpl9z9fnit']
[2021-03-16 00:46:38,574] {{standard_task_runner.py:78}} INFO - Job 20: Subtask move_apple
[2021-03-16 00:46:38,723] {{logging_mixin.py:112}} INFO - Running <TaskInstance: marketvol.move_apple 2021-03-16T00:46:14.245328+00:00 [running]> on host 6ef8928b229b
[2021-03-16 00:46:38,887] {{bash_operator.py:113}} INFO - Tmp dir root location: 
 /tmp
[2021-03-16 00:46:38,889] {{bash_operator.py:136}} INFO - Temporary script location: /tmp/airflowtmprr4wqjqw/move_applegx2wgqeq
[2021-03-16 00:46:38,889] {{bash_operator.py:146}} INFO - Running command: mv /usr/local/spark/resources/data/tmp/2021-03-16/aapl-data.csv /usr/local/spark/resources/data/query/
[2021-03-16 00:46:38,916] {{bash_operator.py:153}} INFO - Output:
[2021-03-16 00:46:38,962] {{bash_operator.py:161}} INFO - Command exited with return code 0
[2021-03-16 00:46:39,004] {{taskinstance.py:1070}} INFO - Marking task as SUCCESS.dag_id=marketvol, task_id=move_apple, execution_date=20210316T004614, start_date=20210316T004637, end_date=20210316T004639
[2021-03-16 00:46:42,922] {{local_task_job.py:102}} INFO - Task exited with return code 0
