[2021-03-16 00:41:15,173] {{taskinstance.py:670}} INFO - Dependencies all met for <TaskInstance: marketvol.get_apple_data 2021-03-16T00:41:00.128657+00:00 [queued]>
[2021-03-16 00:41:15,250] {{taskinstance.py:670}} INFO - Dependencies all met for <TaskInstance: marketvol.get_apple_data 2021-03-16T00:41:00.128657+00:00 [queued]>
[2021-03-16 00:41:15,250] {{taskinstance.py:880}} INFO - 
--------------------------------------------------------------------------------
[2021-03-16 00:41:15,251] {{taskinstance.py:881}} INFO - Starting attempt 1 of 3
[2021-03-16 00:41:15,251] {{taskinstance.py:882}} INFO - 
--------------------------------------------------------------------------------
[2021-03-16 00:41:15,281] {{taskinstance.py:901}} INFO - Executing <Task(PythonOperator): get_apple_data> on 2021-03-16T00:41:00.128657+00:00
[2021-03-16 00:41:15,293] {{standard_task_runner.py:54}} INFO - Started process 5420 to run task
[2021-03-16 00:41:15,462] {{standard_task_runner.py:77}} INFO - Running: ['airflow', 'run', 'marketvol', 'get_apple_data', '2021-03-16T00:41:00.128657+00:00', '--job_id', '11', '--pool', 'default_pool', '--raw', '-sd', 'DAGS_FOLDER/stock-market-dag.py', '--cfg_path', '/tmp/tmpk8mkpirw']
[2021-03-16 00:41:15,463] {{standard_task_runner.py:78}} INFO - Job 11: Subtask get_apple_data
[2021-03-16 00:41:15,596] {{logging_mixin.py:112}} INFO - Running <TaskInstance: marketvol.get_apple_data 2021-03-16T00:41:00.128657+00:00 [running]> on host 6ef8928b229b
[2021-03-16 00:41:15,876] {{logging_mixin.py:112}} INFO - [*********************100%***********************]  1 of 1 completed
[2021-03-16 00:41:15,876] {{logging_mixin.py:112}} INFO - 
[2021-03-16 00:41:15,876] {{logging_mixin.py:112}} INFO - 
1 Failed download:
[2021-03-16 00:41:15,876] {{logging_mixin.py:112}} INFO - - AAPL: No data found for this date range, symbol may be delisted
[2021-03-16 00:41:15,893] {{python_operator.py:114}} INFO - Done. Returned value was: None
[2021-03-16 00:41:15,936] {{taskinstance.py:1070}} INFO - Marking task as SUCCESS.dag_id=marketvol, task_id=get_apple_data, execution_date=20210316T004100, start_date=20210316T004115, end_date=20210316T004115
[2021-03-16 00:41:20,128] {{local_task_job.py:102}} INFO - Task exited with return code 0
