[2021-03-16 00:41:05,900] {{taskinstance.py:670}} INFO - Dependencies all met for <TaskInstance: marketvol.create_directory 2021-03-16T00:41:00.128657+00:00 [queued]>
[2021-03-16 00:41:05,968] {{taskinstance.py:670}} INFO - Dependencies all met for <TaskInstance: marketvol.create_directory 2021-03-16T00:41:00.128657+00:00 [queued]>
[2021-03-16 00:41:05,969] {{taskinstance.py:880}} INFO - 
--------------------------------------------------------------------------------
[2021-03-16 00:41:05,969] {{taskinstance.py:881}} INFO - Starting attempt 1 of 3
[2021-03-16 00:41:05,969] {{taskinstance.py:882}} INFO - 
--------------------------------------------------------------------------------
[2021-03-16 00:41:05,986] {{taskinstance.py:901}} INFO - Executing <Task(BashOperator): create_directory> on 2021-03-16T00:41:00.128657+00:00
[2021-03-16 00:41:05,991] {{standard_task_runner.py:54}} INFO - Started process 5331 to run task
[2021-03-16 00:41:06,063] {{standard_task_runner.py:77}} INFO - Running: ['airflow', 'run', 'marketvol', 'create_directory', '2021-03-16T00:41:00.128657+00:00', '--job_id', '9', '--pool', 'default_pool', '--raw', '-sd', 'DAGS_FOLDER/stock-market-dag.py', '--cfg_path', '/tmp/tmp793j7ujc']
[2021-03-16 00:41:06,064] {{standard_task_runner.py:78}} INFO - Job 9: Subtask create_directory
[2021-03-16 00:41:06,136] {{logging_mixin.py:112}} INFO - Running <TaskInstance: marketvol.create_directory 2021-03-16T00:41:00.128657+00:00 [running]> on host 6ef8928b229b
[2021-03-16 00:41:06,185] {{bash_operator.py:113}} INFO - Tmp dir root location: 
 /tmp
[2021-03-16 00:41:06,187] {{bash_operator.py:136}} INFO - Temporary script location: /tmp/airflowtmpxmgmoapc/create_directory0wm849hn
[2021-03-16 00:41:06,187] {{bash_operator.py:146}} INFO - Running command: mkdir -p /usr/local/spark/resources/data/tmp/2021-03-16
[2021-03-16 00:41:06,199] {{bash_operator.py:153}} INFO - Output:
[2021-03-16 00:41:06,214] {{bash_operator.py:161}} INFO - Command exited with return code 0
[2021-03-16 00:41:06,246] {{taskinstance.py:1070}} INFO - Marking task as SUCCESS.dag_id=marketvol, task_id=create_directory, execution_date=20210316T004100, start_date=20210316T004105, end_date=20210316T004106
[2021-03-16 00:41:10,897] {{local_task_job.py:102}} INFO - Task exited with return code 0
