[2021-03-17 02:12:33,389] {{taskinstance.py:670}} INFO - Dependencies all met for <TaskInstance: marketvol.move_apple 2021-03-17T02:12:11.583113+00:00 [queued]>
[2021-03-17 02:12:33,480] {{taskinstance.py:670}} INFO - Dependencies all met for <TaskInstance: marketvol.move_apple 2021-03-17T02:12:11.583113+00:00 [queued]>
[2021-03-17 02:12:33,480] {{taskinstance.py:880}} INFO - 
--------------------------------------------------------------------------------
[2021-03-17 02:12:33,480] {{taskinstance.py:881}} INFO - Starting attempt 1 of 3
[2021-03-17 02:12:33,480] {{taskinstance.py:882}} INFO - 
--------------------------------------------------------------------------------
[2021-03-17 02:12:33,518] {{taskinstance.py:901}} INFO - Executing <Task(BashOperator): move_apple> on 2021-03-17T02:12:11.583113+00:00
[2021-03-17 02:12:33,527] {{standard_task_runner.py:54}} INFO - Started process 1345 to run task
[2021-03-17 02:12:33,646] {{standard_task_runner.py:77}} INFO - Running: ['airflow', 'run', 'marketvol', 'move_apple', '2021-03-17T02:12:11.583113+00:00', '--job_id', '81', '--pool', 'default_pool', '--raw', '-sd', 'DAGS_FOLDER/stock-market-dag.py', '--cfg_path', '/tmp/tmpkn1vj8kh']
[2021-03-17 02:12:33,647] {{standard_task_runner.py:78}} INFO - Job 81: Subtask move_apple
[2021-03-17 02:12:33,725] {{logging_mixin.py:112}} INFO - Running <TaskInstance: marketvol.move_apple 2021-03-17T02:12:11.583113+00:00 [running]> on host 6ef8928b229b
[2021-03-17 02:12:33,780] {{bash_operator.py:113}} INFO - Tmp dir root location: 
 /tmp
[2021-03-17 02:12:33,781] {{bash_operator.py:136}} INFO - Temporary script location: /tmp/airflowtmpq1devzpj/move_appletix833px
[2021-03-17 02:12:33,781] {{bash_operator.py:146}} INFO - Running command: mv /usr/local/spark/resources/data/tmp/2021-03-17/aapl-data.csv /usr/local/spark/resources/data/query/
[2021-03-17 02:12:33,792] {{bash_operator.py:153}} INFO - Output:
[2021-03-17 02:12:33,813] {{bash_operator.py:161}} INFO - Command exited with return code 0
[2021-03-17 02:12:33,848] {{taskinstance.py:1070}} INFO - Marking task as SUCCESS.dag_id=marketvol, task_id=move_apple, execution_date=20210317T021211, start_date=20210317T021233, end_date=20210317T021233
[2021-03-17 02:12:38,293] {{local_task_job.py:102}} INFO - Task exited with return code 0
