[2021-03-16 00:58:34,134] {{taskinstance.py:670}} INFO - Dependencies all met for <TaskInstance: marketvol.move_tesla 2021-03-16T00:58:10.733239+00:00 [queued]>
[2021-03-16 00:58:34,217] {{taskinstance.py:670}} INFO - Dependencies all met for <TaskInstance: marketvol.move_tesla 2021-03-16T00:58:10.733239+00:00 [queued]>
[2021-03-16 00:58:34,217] {{taskinstance.py:880}} INFO - 
--------------------------------------------------------------------------------
[2021-03-16 00:58:34,217] {{taskinstance.py:881}} INFO - Starting attempt 1 of 3
[2021-03-16 00:58:34,217] {{taskinstance.py:882}} INFO - 
--------------------------------------------------------------------------------
[2021-03-16 00:58:34,240] {{taskinstance.py:901}} INFO - Executing <Task(BashOperator): move_tesla> on 2021-03-16T00:58:10.733239+00:00
[2021-03-16 00:58:34,246] {{standard_task_runner.py:54}} INFO - Started process 15850 to run task
[2021-03-16 00:58:34,406] {{standard_task_runner.py:77}} INFO - Running: ['airflow', 'run', 'marketvol', 'move_tesla', '2021-03-16T00:58:10.733239+00:00', '--job_id', '41', '--pool', 'default_pool', '--raw', '-sd', 'DAGS_FOLDER/stock-market-dag.py', '--cfg_path', '/tmp/tmpq4g02dyr']
[2021-03-16 00:58:34,406] {{standard_task_runner.py:78}} INFO - Job 41: Subtask move_tesla
[2021-03-16 00:58:34,479] {{logging_mixin.py:112}} INFO - Running <TaskInstance: marketvol.move_tesla 2021-03-16T00:58:10.733239+00:00 [running]> on host 6ef8928b229b
[2021-03-16 00:58:34,562] {{bash_operator.py:113}} INFO - Tmp dir root location: 
 /tmp
[2021-03-16 00:58:34,564] {{bash_operator.py:136}} INFO - Temporary script location: /tmp/airflowtmpk04dazwa/move_tesla37j8tv9l
[2021-03-16 00:58:34,564] {{bash_operator.py:146}} INFO - Running command: mv /usr/local/spark/resources/data/tmp/2021-03-16/tsla-data.csv /usr/local/spark/resources/data/query/
[2021-03-16 00:58:34,583] {{bash_operator.py:153}} INFO - Output:
[2021-03-16 00:58:34,603] {{bash_operator.py:161}} INFO - Command exited with return code 0
[2021-03-16 00:58:34,643] {{taskinstance.py:1070}} INFO - Marking task as SUCCESS.dag_id=marketvol, task_id=move_tesla, execution_date=20210316T005810, start_date=20210316T005834, end_date=20210316T005834
[2021-03-16 00:58:39,086] {{local_task_job.py:102}} INFO - Task exited with return code 0
