[2021-03-17 02:12:37,829] {{taskinstance.py:670}} INFO - Dependencies all met for <TaskInstance: marketvol.query_data 2021-03-17T02:12:11.583113+00:00 [queued]>
[2021-03-17 02:12:37,873] {{taskinstance.py:670}} INFO - Dependencies all met for <TaskInstance: marketvol.query_data 2021-03-17T02:12:11.583113+00:00 [queued]>
[2021-03-17 02:12:37,874] {{taskinstance.py:880}} INFO - 
--------------------------------------------------------------------------------
[2021-03-17 02:12:37,874] {{taskinstance.py:881}} INFO - Starting attempt 1 of 3
[2021-03-17 02:12:37,874] {{taskinstance.py:882}} INFO - 
--------------------------------------------------------------------------------
[2021-03-17 02:12:37,893] {{taskinstance.py:901}} INFO - Executing <Task(PythonOperator): query_data> on 2021-03-17T02:12:11.583113+00:00
[2021-03-17 02:12:37,897] {{standard_task_runner.py:54}} INFO - Started process 1398 to run task
[2021-03-17 02:12:37,956] {{standard_task_runner.py:77}} INFO - Running: ['airflow', 'run', 'marketvol', 'query_data', '2021-03-17T02:12:11.583113+00:00', '--job_id', '82', '--pool', 'default_pool', '--raw', '-sd', 'DAGS_FOLDER/stock-market-dag.py', '--cfg_path', '/tmp/tmprppkxcc1']
[2021-03-17 02:12:37,957] {{standard_task_runner.py:78}} INFO - Job 82: Subtask query_data
[2021-03-17 02:12:38,016] {{logging_mixin.py:112}} INFO - Running <TaskInstance: marketvol.query_data 2021-03-17T02:12:11.583113+00:00 [running]> on host 6ef8928b229b
[2021-03-17 02:12:38,103] {{logging_mixin.py:112}} INFO -    2021-03-16 09:30:00-04:00  125.69999694824219  ...  125.5199966430664.1  4363795
0  2021-03-16 09:31:00-04:00          125.519997  ...           125.427299   599007
1  2021-03-16 09:32:00-04:00          125.425003  ...           125.709999   958223
2  2021-03-16 09:33:00-04:00          125.699997  ...           126.110001  1007854
3  2021-03-16 09:34:00-04:00          126.000000  ...           126.019997   706608
4  2021-03-16 09:35:00-04:00          126.000000  ...           125.560097   724289

[5 rows x 7 columns]
[2021-03-17 02:12:38,115] {{logging_mixin.py:112}} INFO -    2021-03-16 09:30:00-04:00  703.3499755859375  ...  702.5150146484375.1  736997
0  2021-03-16 09:31:00-04:00         702.809998  ...           702.880005  124120
1  2021-03-16 09:32:00-04:00         702.969971  ...           700.929993  166815
2  2021-03-16 09:33:00-04:00         700.809998  ...           702.989990   88858
3  2021-03-16 09:34:00-04:00         701.909973  ...           701.789185  137188
4  2021-03-16 09:35:00-04:00         701.000000  ...           702.270020  129853

[5 rows x 7 columns]
[2021-03-17 02:12:38,115] {{python_operator.py:114}} INFO - Done. Returned value was: None
[2021-03-17 02:12:38,129] {{taskinstance.py:1070}} INFO - Marking task as SUCCESS.dag_id=marketvol, task_id=query_data, execution_date=20210317T021211, start_date=20210317T021237, end_date=20210317T021238
[2021-03-17 02:12:42,823] {{local_task_job.py:102}} INFO - Task exited with return code 0
