[2021-03-16 00:38:38,328] {{taskinstance.py:670}} INFO - Dependencies all met for <TaskInstance: marketvol.create_directory 2021-03-16T00:38:29.997044+00:00 [queued]>
[2021-03-16 00:38:38,380] {{taskinstance.py:670}} INFO - Dependencies all met for <TaskInstance: marketvol.create_directory 2021-03-16T00:38:29.997044+00:00 [queued]>
[2021-03-16 00:38:38,380] {{taskinstance.py:880}} INFO - 
--------------------------------------------------------------------------------
[2021-03-16 00:38:38,380] {{taskinstance.py:881}} INFO - Starting attempt 1 of 3
[2021-03-16 00:38:38,380] {{taskinstance.py:882}} INFO - 
--------------------------------------------------------------------------------
[2021-03-16 00:38:38,392] {{taskinstance.py:901}} INFO - Executing <Task(BashOperator): create_directory> on 2021-03-16T00:38:29.997044+00:00
[2021-03-16 00:38:38,398] {{standard_task_runner.py:54}} INFO - Started process 3827 to run task
[2021-03-16 00:38:38,899] {{standard_task_runner.py:77}} INFO - Running: ['airflow', 'run', 'marketvol', 'create_directory', '2021-03-16T00:38:29.997044+00:00', '--job_id', '2', '--pool', 'default_pool', '--raw', '-sd', 'DAGS_FOLDER/stock-market-dag.py', '--cfg_path', '/tmp/tmpy09kbmd6']
[2021-03-16 00:38:38,900] {{standard_task_runner.py:78}} INFO - Job 2: Subtask create_directory
[2021-03-16 00:38:39,116] {{logging_mixin.py:112}} INFO - Running <TaskInstance: marketvol.create_directory 2021-03-16T00:38:29.997044+00:00 [running]> on host 6ef8928b229b
[2021-03-16 00:38:39,232] {{bash_operator.py:113}} INFO - Tmp dir root location: 
 /tmp
[2021-03-16 00:38:39,233] {{bash_operator.py:136}} INFO - Temporary script location: /tmp/airflowtmp9zuj7z9z/create_directoryp1c3zj0r
[2021-03-16 00:38:39,233] {{bash_operator.py:146}} INFO - Running command: mkdir -p /usr/local/spark/resources/data/tmp/2021-03-16
[2021-03-16 00:38:39,305] {{bash_operator.py:153}} INFO - Output:
[2021-03-16 00:38:39,359] {{bash_operator.py:161}} INFO - Command exited with return code 0
[2021-03-16 00:38:39,392] {{taskinstance.py:1070}} INFO - Marking task as SUCCESS.dag_id=marketvol, task_id=create_directory, execution_date=20210316T003829, start_date=20210316T003838, end_date=20210316T003839
[2021-03-16 00:38:43,344] {{local_task_job.py:102}} INFO - Task exited with return code 0
