[2021-03-16 00:54:33,382] {{taskinstance.py:670}} INFO - Dependencies all met for <TaskInstance: marketvol.create_directory 2021-03-16T00:54:27.286429+00:00 [queued]>
[2021-03-16 00:54:33,439] {{taskinstance.py:670}} INFO - Dependencies all met for <TaskInstance: marketvol.create_directory 2021-03-16T00:54:27.286429+00:00 [queued]>
[2021-03-16 00:54:33,439] {{taskinstance.py:880}} INFO - 
--------------------------------------------------------------------------------
[2021-03-16 00:54:33,439] {{taskinstance.py:881}} INFO - Starting attempt 1 of 3
[2021-03-16 00:54:33,440] {{taskinstance.py:882}} INFO - 
--------------------------------------------------------------------------------
[2021-03-16 00:54:33,453] {{taskinstance.py:901}} INFO - Executing <Task(BashOperator): create_directory> on 2021-03-16T00:54:27.286429+00:00
[2021-03-16 00:54:33,464] {{standard_task_runner.py:54}} INFO - Started process 13393 to run task
[2021-03-16 00:54:33,608] {{standard_task_runner.py:77}} INFO - Running: ['airflow', 'run', 'marketvol', 'create_directory', '2021-03-16T00:54:27.286429+00:00', '--job_id', '25', '--pool', 'default_pool', '--raw', '-sd', 'DAGS_FOLDER/stock-market-dag.py', '--cfg_path', '/tmp/tmpek82_1lt']
[2021-03-16 00:54:33,611] {{standard_task_runner.py:78}} INFO - Job 25: Subtask create_directory
[2021-03-16 00:54:33,768] {{logging_mixin.py:112}} INFO - Running <TaskInstance: marketvol.create_directory 2021-03-16T00:54:27.286429+00:00 [running]> on host 6ef8928b229b
[2021-03-16 00:54:33,842] {{bash_operator.py:113}} INFO - Tmp dir root location: 
 /tmp
[2021-03-16 00:54:33,844] {{bash_operator.py:136}} INFO - Temporary script location: /tmp/airflowtmpo3cdsg9f/create_directorygzux6d39
[2021-03-16 00:54:33,844] {{bash_operator.py:146}} INFO - Running command: mkdir -p /usr/local/spark/resources/data/tmp/2021-03-16
[2021-03-16 00:54:33,855] {{bash_operator.py:153}} INFO - Output:
[2021-03-16 00:54:33,870] {{bash_operator.py:161}} INFO - Command exited with return code 0
[2021-03-16 00:54:33,899] {{taskinstance.py:1070}} INFO - Marking task as SUCCESS.dag_id=marketvol, task_id=create_directory, execution_date=20210316T005427, start_date=20210316T005433, end_date=20210316T005433
[2021-03-16 00:54:38,331] {{local_task_job.py:102}} INFO - Task exited with return code 0
