[2021-03-16 00:46:22,908] {{taskinstance.py:670}} INFO - Dependencies all met for <TaskInstance: marketvol.create_directory 2021-03-16T00:46:14.245328+00:00 [queued]>
[2021-03-16 00:46:23,048] {{taskinstance.py:670}} INFO - Dependencies all met for <TaskInstance: marketvol.create_directory 2021-03-16T00:46:14.245328+00:00 [queued]>
[2021-03-16 00:46:23,049] {{taskinstance.py:880}} INFO - 
--------------------------------------------------------------------------------
[2021-03-16 00:46:23,049] {{taskinstance.py:881}} INFO - Starting attempt 1 of 3
[2021-03-16 00:46:23,049] {{taskinstance.py:882}} INFO - 
--------------------------------------------------------------------------------
[2021-03-16 00:46:23,110] {{taskinstance.py:901}} INFO - Executing <Task(BashOperator): create_directory> on 2021-03-16T00:46:14.245328+00:00
[2021-03-16 00:46:23,115] {{standard_task_runner.py:54}} INFO - Started process 8439 to run task
[2021-03-16 00:46:23,375] {{standard_task_runner.py:77}} INFO - Running: ['airflow', 'run', 'marketvol', 'create_directory', '2021-03-16T00:46:14.245328+00:00', '--job_id', '17', '--pool', 'default_pool', '--raw', '-sd', 'DAGS_FOLDER/stock-market-dag.py', '--cfg_path', '/tmp/tmpmoz4qpud']
[2021-03-16 00:46:23,376] {{standard_task_runner.py:78}} INFO - Job 17: Subtask create_directory
[2021-03-16 00:46:23,446] {{logging_mixin.py:112}} INFO - Running <TaskInstance: marketvol.create_directory 2021-03-16T00:46:14.245328+00:00 [running]> on host 6ef8928b229b
[2021-03-16 00:46:23,492] {{bash_operator.py:113}} INFO - Tmp dir root location: 
 /tmp
[2021-03-16 00:46:23,493] {{bash_operator.py:136}} INFO - Temporary script location: /tmp/airflowtmpgc7olou1/create_directory9wwb4e33
[2021-03-16 00:46:23,493] {{bash_operator.py:146}} INFO - Running command: mkdir -p /usr/local/spark/resources/data/tmp/2021-03-16
[2021-03-16 00:46:23,507] {{bash_operator.py:153}} INFO - Output:
[2021-03-16 00:46:23,522] {{bash_operator.py:161}} INFO - Command exited with return code 0
[2021-03-16 00:46:23,560] {{taskinstance.py:1070}} INFO - Marking task as SUCCESS.dag_id=marketvol, task_id=create_directory, execution_date=20210316T004614, start_date=20210316T004622, end_date=20210316T004623
[2021-03-16 00:46:27,706] {{local_task_job.py:102}} INFO - Task exited with return code 0
