[2021-03-17 02:12:33,327] {{taskinstance.py:670}} INFO - Dependencies all met for <TaskInstance: marketvol.move_tesla 2021-03-17T02:12:11.583113+00:00 [queued]>
[2021-03-17 02:12:33,416] {{taskinstance.py:670}} INFO - Dependencies all met for <TaskInstance: marketvol.move_tesla 2021-03-17T02:12:11.583113+00:00 [queued]>
[2021-03-17 02:12:33,416] {{taskinstance.py:880}} INFO - 
--------------------------------------------------------------------------------
[2021-03-17 02:12:33,416] {{taskinstance.py:881}} INFO - Starting attempt 1 of 3
[2021-03-17 02:12:33,416] {{taskinstance.py:882}} INFO - 
--------------------------------------------------------------------------------
[2021-03-17 02:12:33,465] {{taskinstance.py:901}} INFO - Executing <Task(BashOperator): move_tesla> on 2021-03-17T02:12:11.583113+00:00
[2021-03-17 02:12:33,474] {{standard_task_runner.py:54}} INFO - Started process 1344 to run task
[2021-03-17 02:12:33,613] {{standard_task_runner.py:77}} INFO - Running: ['airflow', 'run', 'marketvol', 'move_tesla', '2021-03-17T02:12:11.583113+00:00', '--job_id', '80', '--pool', 'default_pool', '--raw', '-sd', 'DAGS_FOLDER/stock-market-dag.py', '--cfg_path', '/tmp/tmp7yib4orf']
[2021-03-17 02:12:33,613] {{standard_task_runner.py:78}} INFO - Job 80: Subtask move_tesla
[2021-03-17 02:12:33,699] {{logging_mixin.py:112}} INFO - Running <TaskInstance: marketvol.move_tesla 2021-03-17T02:12:11.583113+00:00 [running]> on host 6ef8928b229b
[2021-03-17 02:12:33,750] {{bash_operator.py:113}} INFO - Tmp dir root location: 
 /tmp
[2021-03-17 02:12:33,751] {{bash_operator.py:136}} INFO - Temporary script location: /tmp/airflowtmpmwyd1w5e/move_tesla9nx3ad2f
[2021-03-17 02:12:33,751] {{bash_operator.py:146}} INFO - Running command: mv /usr/local/spark/resources/data/tmp/2021-03-17/tsla-data.csv /usr/local/spark/resources/data/query/
[2021-03-17 02:12:33,785] {{bash_operator.py:153}} INFO - Output:
[2021-03-17 02:12:33,811] {{bash_operator.py:161}} INFO - Command exited with return code 0
[2021-03-17 02:12:33,835] {{taskinstance.py:1070}} INFO - Marking task as SUCCESS.dag_id=marketvol, task_id=move_tesla, execution_date=20210317T021211, start_date=20210317T021233, end_date=20210317T021233
[2021-03-17 02:12:38,242] {{local_task_job.py:102}} INFO - Task exited with return code 0
