[2021-03-16 00:38:46,356] {{taskinstance.py:670}} INFO - Dependencies all met for <TaskInstance: marketvol.get_apple_data 2021-03-16T00:38:29.997044+00:00 [queued]>
[2021-03-16 00:38:46,516] {{taskinstance.py:670}} INFO - Dependencies all met for <TaskInstance: marketvol.get_apple_data 2021-03-16T00:38:29.997044+00:00 [queued]>
[2021-03-16 00:38:46,517] {{taskinstance.py:880}} INFO - 
--------------------------------------------------------------------------------
[2021-03-16 00:38:46,517] {{taskinstance.py:881}} INFO - Starting attempt 1 of 3
[2021-03-16 00:38:46,517] {{taskinstance.py:882}} INFO - 
--------------------------------------------------------------------------------
[2021-03-16 00:38:46,572] {{taskinstance.py:901}} INFO - Executing <Task(PythonOperator): get_apple_data> on 2021-03-16T00:38:29.997044+00:00
[2021-03-16 00:38:46,586] {{standard_task_runner.py:54}} INFO - Started process 3901 to run task
[2021-03-16 00:38:47,293] {{standard_task_runner.py:77}} INFO - Running: ['airflow', 'run', 'marketvol', 'get_apple_data', '2021-03-16T00:38:29.997044+00:00', '--job_id', '3', '--pool', 'default_pool', '--raw', '-sd', 'DAGS_FOLDER/stock-market-dag.py', '--cfg_path', '/tmp/tmp3p7mc2fa']
[2021-03-16 00:38:47,294] {{standard_task_runner.py:78}} INFO - Job 3: Subtask get_apple_data
[2021-03-16 00:38:47,503] {{logging_mixin.py:112}} INFO - Running <TaskInstance: marketvol.get_apple_data 2021-03-16T00:38:29.997044+00:00 [running]> on host 6ef8928b229b
[2021-03-16 00:38:48,193] {{logging_mixin.py:112}} INFO - [*********************100%***********************]  1 of 1 completed
[2021-03-16 00:38:48,193] {{logging_mixin.py:112}} INFO - 
[2021-03-16 00:38:48,193] {{logging_mixin.py:112}} INFO - 
1 Failed download:
[2021-03-16 00:38:48,193] {{logging_mixin.py:112}} INFO - - AAPL: No data found for this date range, symbol may be delisted
[2021-03-16 00:38:48,213] {{python_operator.py:114}} INFO - Done. Returned value was: None
[2021-03-16 00:38:48,246] {{taskinstance.py:1070}} INFO - Marking task as SUCCESS.dag_id=marketvol, task_id=get_apple_data, execution_date=20210316T003829, start_date=20210316T003846, end_date=20210316T003848
[2021-03-16 00:38:51,237] {{local_task_job.py:102}} INFO - Task exited with return code 0
