[2021-03-16 00:38:55,807] {{taskinstance.py:670}} INFO - Dependencies all met for <TaskInstance: marketvol.move_apple 2021-03-16T00:38:29.997044+00:00 [queued]>
[2021-03-16 00:38:55,925] {{taskinstance.py:670}} INFO - Dependencies all met for <TaskInstance: marketvol.move_apple 2021-03-16T00:38:29.997044+00:00 [queued]>
[2021-03-16 00:38:55,926] {{taskinstance.py:880}} INFO - 
--------------------------------------------------------------------------------
[2021-03-16 00:38:55,926] {{taskinstance.py:881}} INFO - Starting attempt 1 of 3
[2021-03-16 00:38:55,926] {{taskinstance.py:882}} INFO - 
--------------------------------------------------------------------------------
[2021-03-16 00:38:55,967] {{taskinstance.py:901}} INFO - Executing <Task(BashOperator): move_apple> on 2021-03-16T00:38:29.997044+00:00
[2021-03-16 00:38:55,981] {{standard_task_runner.py:54}} INFO - Started process 3996 to run task
[2021-03-16 00:38:56,159] {{standard_task_runner.py:77}} INFO - Running: ['airflow', 'run', 'marketvol', 'move_apple', '2021-03-16T00:38:29.997044+00:00', '--job_id', '6', '--pool', 'default_pool', '--raw', '-sd', 'DAGS_FOLDER/stock-market-dag.py', '--cfg_path', '/tmp/tmpavojhz_3']
[2021-03-16 00:38:56,160] {{standard_task_runner.py:78}} INFO - Job 6: Subtask move_apple
[2021-03-16 00:38:56,275] {{logging_mixin.py:112}} INFO - Running <TaskInstance: marketvol.move_apple 2021-03-16T00:38:29.997044+00:00 [running]> on host 6ef8928b229b
[2021-03-16 00:38:56,323] {{bash_operator.py:113}} INFO - Tmp dir root location: 
 /tmp
[2021-03-16 00:38:56,324] {{bash_operator.py:136}} INFO - Temporary script location: /tmp/airflowtmp1xq3q_ts/move_appleo_vtbl6c
[2021-03-16 00:38:56,324] {{bash_operator.py:146}} INFO - Running command: mv /usr/local/spark/resources/data/tmp/2021-03-16/aapl-data.csv /usr/local/spark/resources/data/query/
[2021-03-16 00:38:56,341] {{bash_operator.py:153}} INFO - Output:
[2021-03-16 00:38:56,361] {{bash_operator.py:161}} INFO - Command exited with return code 0
[2021-03-16 00:38:56,389] {{taskinstance.py:1070}} INFO - Marking task as SUCCESS.dag_id=marketvol, task_id=move_apple, execution_date=20210316T003829, start_date=20210316T003855, end_date=20210316T003856
[2021-03-16 00:39:00,758] {{local_task_job.py:102}} INFO - Task exited with return code 0
