[2021-03-16 00:38:55,505] {{taskinstance.py:670}} INFO - Dependencies all met for <TaskInstance: marketvol.move_tesla 2021-03-16T00:38:29.997044+00:00 [queued]>
[2021-03-16 00:38:55,575] {{taskinstance.py:670}} INFO - Dependencies all met for <TaskInstance: marketvol.move_tesla 2021-03-16T00:38:29.997044+00:00 [queued]>
[2021-03-16 00:38:55,576] {{taskinstance.py:880}} INFO - 
--------------------------------------------------------------------------------
[2021-03-16 00:38:55,576] {{taskinstance.py:881}} INFO - Starting attempt 1 of 3
[2021-03-16 00:38:55,576] {{taskinstance.py:882}} INFO - 
--------------------------------------------------------------------------------
[2021-03-16 00:38:55,598] {{taskinstance.py:901}} INFO - Executing <Task(BashOperator): move_tesla> on 2021-03-16T00:38:29.997044+00:00
[2021-03-16 00:38:55,605] {{standard_task_runner.py:54}} INFO - Started process 3988 to run task
[2021-03-16 00:38:55,757] {{standard_task_runner.py:77}} INFO - Running: ['airflow', 'run', 'marketvol', 'move_tesla', '2021-03-16T00:38:29.997044+00:00', '--job_id', '5', '--pool', 'default_pool', '--raw', '-sd', 'DAGS_FOLDER/stock-market-dag.py', '--cfg_path', '/tmp/tmpr8im4rnm']
[2021-03-16 00:38:55,758] {{standard_task_runner.py:78}} INFO - Job 5: Subtask move_tesla
[2021-03-16 00:38:55,882] {{logging_mixin.py:112}} INFO - Running <TaskInstance: marketvol.move_tesla 2021-03-16T00:38:29.997044+00:00 [running]> on host 6ef8928b229b
[2021-03-16 00:38:55,965] {{bash_operator.py:113}} INFO - Tmp dir root location: 
 /tmp
[2021-03-16 00:38:55,966] {{bash_operator.py:136}} INFO - Temporary script location: /tmp/airflowtmpap6mirhw/move_tesla_nxe_q2x
[2021-03-16 00:38:55,966] {{bash_operator.py:146}} INFO - Running command: mv /usr/local/spark/resources/data/tmp/2021-03-16/tsla-data.csv /usr/local/spark/resources/data/query/
[2021-03-16 00:38:56,008] {{bash_operator.py:153}} INFO - Output:
[2021-03-16 00:38:56,043] {{bash_operator.py:161}} INFO - Command exited with return code 0
[2021-03-16 00:38:56,074] {{taskinstance.py:1070}} INFO - Marking task as SUCCESS.dag_id=marketvol, task_id=move_tesla, execution_date=20210316T003829, start_date=20210316T003855, end_date=20210316T003856
[2021-03-16 00:39:00,449] {{local_task_job.py:102}} INFO - Task exited with return code 0
