[2021-03-16 00:54:40,348] {{taskinstance.py:670}} INFO - Dependencies all met for <TaskInstance: marketvol.get_apple_data 2021-03-16T00:54:27.286429+00:00 [queued]>
[2021-03-16 00:54:40,432] {{taskinstance.py:670}} INFO - Dependencies all met for <TaskInstance: marketvol.get_apple_data 2021-03-16T00:54:27.286429+00:00 [queued]>
[2021-03-16 00:54:40,432] {{taskinstance.py:880}} INFO - 
--------------------------------------------------------------------------------
[2021-03-16 00:54:40,433] {{taskinstance.py:881}} INFO - Starting attempt 1 of 3
[2021-03-16 00:54:40,433] {{taskinstance.py:882}} INFO - 
--------------------------------------------------------------------------------
[2021-03-16 00:54:40,451] {{taskinstance.py:901}} INFO - Executing <Task(PythonOperator): get_apple_data> on 2021-03-16T00:54:27.286429+00:00
[2021-03-16 00:54:40,465] {{standard_task_runner.py:54}} INFO - Started process 13473 to run task
[2021-03-16 00:54:40,654] {{standard_task_runner.py:77}} INFO - Running: ['airflow', 'run', 'marketvol', 'get_apple_data', '2021-03-16T00:54:27.286429+00:00', '--job_id', '26', '--pool', 'default_pool', '--raw', '-sd', 'DAGS_FOLDER/stock-market-dag.py', '--cfg_path', '/tmp/tmpduwj2v1a']
[2021-03-16 00:54:40,654] {{standard_task_runner.py:78}} INFO - Job 26: Subtask get_apple_data
[2021-03-16 00:54:40,762] {{logging_mixin.py:112}} INFO - Running <TaskInstance: marketvol.get_apple_data 2021-03-16T00:54:27.286429+00:00 [running]> on host 6ef8928b229b
[2021-03-16 00:54:41,428] {{logging_mixin.py:112}} INFO - [*********************100%***********************]  1 of 1 completed
[2021-03-16 00:54:41,429] {{logging_mixin.py:112}} INFO - 
[2021-03-16 00:54:41,429] {{logging_mixin.py:112}} INFO - 
1 Failed download:
[2021-03-16 00:54:41,429] {{logging_mixin.py:112}} INFO - - AAPL: No data found for this date range, symbol may be delisted
[2021-03-16 00:54:41,444] {{python_operator.py:114}} INFO - Done. Returned value was: None
[2021-03-16 00:54:41,499] {{taskinstance.py:1070}} INFO - Marking task as SUCCESS.dag_id=marketvol, task_id=get_apple_data, execution_date=20210316T005427, start_date=20210316T005440, end_date=20210316T005441
[2021-03-16 00:54:45,257] {{local_task_job.py:102}} INFO - Task exited with return code 0
