[2021-03-16 00:41:24,136] {{taskinstance.py:670}} INFO - Dependencies all met for <TaskInstance: marketvol.move_apple 2021-03-16T00:41:00.128657+00:00 [queued]>
[2021-03-16 00:41:24,275] {{taskinstance.py:670}} INFO - Dependencies all met for <TaskInstance: marketvol.move_apple 2021-03-16T00:41:00.128657+00:00 [queued]>
[2021-03-16 00:41:24,276] {{taskinstance.py:880}} INFO - 
--------------------------------------------------------------------------------
[2021-03-16 00:41:24,276] {{taskinstance.py:881}} INFO - Starting attempt 1 of 3
[2021-03-16 00:41:24,276] {{taskinstance.py:882}} INFO - 
--------------------------------------------------------------------------------
[2021-03-16 00:41:24,336] {{taskinstance.py:901}} INFO - Executing <Task(BashOperator): move_apple> on 2021-03-16T00:41:00.128657+00:00
[2021-03-16 00:41:24,362] {{standard_task_runner.py:54}} INFO - Started process 5509 to run task
[2021-03-16 00:41:24,541] {{standard_task_runner.py:77}} INFO - Running: ['airflow', 'run', 'marketvol', 'move_apple', '2021-03-16T00:41:00.128657+00:00', '--job_id', '12', '--pool', 'default_pool', '--raw', '-sd', 'DAGS_FOLDER/stock-market-dag.py', '--cfg_path', '/tmp/tmpfkh56qjn']
[2021-03-16 00:41:24,544] {{standard_task_runner.py:78}} INFO - Job 12: Subtask move_apple
[2021-03-16 00:41:24,676] {{logging_mixin.py:112}} INFO - Running <TaskInstance: marketvol.move_apple 2021-03-16T00:41:00.128657+00:00 [running]> on host 6ef8928b229b
[2021-03-16 00:41:24,760] {{bash_operator.py:113}} INFO - Tmp dir root location: 
 /tmp
[2021-03-16 00:41:24,761] {{bash_operator.py:136}} INFO - Temporary script location: /tmp/airflowtmpjrq4a8kf/move_applebuquis84
[2021-03-16 00:41:24,761] {{bash_operator.py:146}} INFO - Running command: mv /usr/local/spark/resources/data/tmp/2021-03-16/aapl-data.csv /usr/local/spark/resources/data/query/
[2021-03-16 00:41:24,790] {{bash_operator.py:153}} INFO - Output:
[2021-03-16 00:41:24,824] {{bash_operator.py:161}} INFO - Command exited with return code 0
[2021-03-16 00:41:24,860] {{taskinstance.py:1070}} INFO - Marking task as SUCCESS.dag_id=marketvol, task_id=move_apple, execution_date=20210316T004100, start_date=20210316T004124, end_date=20210316T004124
[2021-03-16 00:41:29,072] {{local_task_job.py:102}} INFO - Task exited with return code 0
