[2021-03-16 00:54:48,534] {{taskinstance.py:670}} INFO - Dependencies all met for <TaskInstance: marketvol.move_tesla 2021-03-16T00:54:27.286429+00:00 [queued]>
[2021-03-16 00:54:48,626] {{taskinstance.py:670}} INFO - Dependencies all met for <TaskInstance: marketvol.move_tesla 2021-03-16T00:54:27.286429+00:00 [queued]>
[2021-03-16 00:54:48,626] {{taskinstance.py:880}} INFO - 
--------------------------------------------------------------------------------
[2021-03-16 00:54:48,626] {{taskinstance.py:881}} INFO - Starting attempt 1 of 3
[2021-03-16 00:54:48,626] {{taskinstance.py:882}} INFO - 
--------------------------------------------------------------------------------
[2021-03-16 00:54:48,658] {{taskinstance.py:901}} INFO - Executing <Task(BashOperator): move_tesla> on 2021-03-16T00:54:27.286429+00:00
[2021-03-16 00:54:48,666] {{standard_task_runner.py:54}} INFO - Started process 13561 to run task
[2021-03-16 00:54:48,821] {{standard_task_runner.py:77}} INFO - Running: ['airflow', 'run', 'marketvol', 'move_tesla', '2021-03-16T00:54:27.286429+00:00', '--job_id', '29', '--pool', 'default_pool', '--raw', '-sd', 'DAGS_FOLDER/stock-market-dag.py', '--cfg_path', '/tmp/tmptsprhxu5']
[2021-03-16 00:54:48,822] {{standard_task_runner.py:78}} INFO - Job 29: Subtask move_tesla
[2021-03-16 00:54:48,901] {{logging_mixin.py:112}} INFO - Running <TaskInstance: marketvol.move_tesla 2021-03-16T00:54:27.286429+00:00 [running]> on host 6ef8928b229b
[2021-03-16 00:54:48,954] {{bash_operator.py:113}} INFO - Tmp dir root location: 
 /tmp
[2021-03-16 00:54:48,955] {{bash_operator.py:136}} INFO - Temporary script location: /tmp/airflowtmp8l08f8iw/move_teslaxz75_5hv
[2021-03-16 00:54:48,955] {{bash_operator.py:146}} INFO - Running command: mv /usr/local/spark/resources/data/tmp/2021-03-16/tsla-data.csv /usr/local/spark/resources/data/query/
[2021-03-16 00:54:48,966] {{bash_operator.py:153}} INFO - Output:
[2021-03-16 00:54:48,977] {{bash_operator.py:161}} INFO - Command exited with return code 0
[2021-03-16 00:54:49,005] {{taskinstance.py:1070}} INFO - Marking task as SUCCESS.dag_id=marketvol, task_id=move_tesla, execution_date=20210316T005427, start_date=20210316T005448, end_date=20210316T005449
[2021-03-16 00:54:53,467] {{local_task_job.py:102}} INFO - Task exited with return code 0
