[2021-03-16 00:58:33,157] {{taskinstance.py:670}} INFO - Dependencies all met for <TaskInstance: marketvol.move_apple 2021-03-16T00:58:10.733239+00:00 [queued]>
[2021-03-16 00:58:33,312] {{taskinstance.py:670}} INFO - Dependencies all met for <TaskInstance: marketvol.move_apple 2021-03-16T00:58:10.733239+00:00 [queued]>
[2021-03-16 00:58:33,313] {{taskinstance.py:880}} INFO - 
--------------------------------------------------------------------------------
[2021-03-16 00:58:33,314] {{taskinstance.py:881}} INFO - Starting attempt 1 of 3
[2021-03-16 00:58:33,314] {{taskinstance.py:882}} INFO - 
--------------------------------------------------------------------------------
[2021-03-16 00:58:33,358] {{taskinstance.py:901}} INFO - Executing <Task(BashOperator): move_apple> on 2021-03-16T00:58:10.733239+00:00
[2021-03-16 00:58:33,364] {{standard_task_runner.py:54}} INFO - Started process 15842 to run task
[2021-03-16 00:58:33,567] {{standard_task_runner.py:77}} INFO - Running: ['airflow', 'run', 'marketvol', 'move_apple', '2021-03-16T00:58:10.733239+00:00', '--job_id', '40', '--pool', 'default_pool', '--raw', '-sd', 'DAGS_FOLDER/stock-market-dag.py', '--cfg_path', '/tmp/tmpmoc5lwpq']
[2021-03-16 00:58:33,568] {{standard_task_runner.py:78}} INFO - Job 40: Subtask move_apple
[2021-03-16 00:58:33,683] {{logging_mixin.py:112}} INFO - Running <TaskInstance: marketvol.move_apple 2021-03-16T00:58:10.733239+00:00 [running]> on host 6ef8928b229b
[2021-03-16 00:58:33,752] {{bash_operator.py:113}} INFO - Tmp dir root location: 
 /tmp
[2021-03-16 00:58:33,754] {{bash_operator.py:136}} INFO - Temporary script location: /tmp/airflowtmppd_mpfnx/move_applepe65yn91
[2021-03-16 00:58:33,754] {{bash_operator.py:146}} INFO - Running command: mv /usr/local/spark/resources/data/tmp/2021-03-16/aapl-data.csv /usr/local/spark/resources/data/query/
[2021-03-16 00:58:33,808] {{bash_operator.py:153}} INFO - Output:
[2021-03-16 00:58:33,827] {{bash_operator.py:161}} INFO - Command exited with return code 0
[2021-03-16 00:58:33,856] {{taskinstance.py:1070}} INFO - Marking task as SUCCESS.dag_id=marketvol, task_id=move_apple, execution_date=20210316T005810, start_date=20210316T005833, end_date=20210316T005833
[2021-03-16 00:58:38,159] {{local_task_job.py:102}} INFO - Task exited with return code 0
