[2021-03-16 00:41:24,223] {{taskinstance.py:670}} INFO - Dependencies all met for <TaskInstance: marketvol.move_tesla 2021-03-16T00:41:00.128657+00:00 [queued]>
[2021-03-16 00:41:24,327] {{taskinstance.py:670}} INFO - Dependencies all met for <TaskInstance: marketvol.move_tesla 2021-03-16T00:41:00.128657+00:00 [queued]>
[2021-03-16 00:41:24,328] {{taskinstance.py:880}} INFO - 
--------------------------------------------------------------------------------
[2021-03-16 00:41:24,328] {{taskinstance.py:881}} INFO - Starting attempt 1 of 3
[2021-03-16 00:41:24,328] {{taskinstance.py:882}} INFO - 
--------------------------------------------------------------------------------
[2021-03-16 00:41:24,386] {{taskinstance.py:901}} INFO - Executing <Task(BashOperator): move_tesla> on 2021-03-16T00:41:00.128657+00:00
[2021-03-16 00:41:24,399] {{standard_task_runner.py:54}} INFO - Started process 5510 to run task
[2021-03-16 00:41:24,543] {{standard_task_runner.py:77}} INFO - Running: ['airflow', 'run', 'marketvol', 'move_tesla', '2021-03-16T00:41:00.128657+00:00', '--job_id', '13', '--pool', 'default_pool', '--raw', '-sd', 'DAGS_FOLDER/stock-market-dag.py', '--cfg_path', '/tmp/tmppk1i2hjo']
[2021-03-16 00:41:24,547] {{standard_task_runner.py:78}} INFO - Job 13: Subtask move_tesla
[2021-03-16 00:41:24,669] {{logging_mixin.py:112}} INFO - Running <TaskInstance: marketvol.move_tesla 2021-03-16T00:41:00.128657+00:00 [running]> on host 6ef8928b229b
[2021-03-16 00:41:24,742] {{bash_operator.py:113}} INFO - Tmp dir root location: 
 /tmp
[2021-03-16 00:41:24,744] {{bash_operator.py:136}} INFO - Temporary script location: /tmp/airflowtmpsglotlm9/move_tesla8_r6hkx9
[2021-03-16 00:41:24,745] {{bash_operator.py:146}} INFO - Running command: mv /usr/local/spark/resources/data/tmp/2021-03-16/tsla-data.csv /usr/local/spark/resources/data/query/
[2021-03-16 00:41:24,781] {{bash_operator.py:153}} INFO - Output:
[2021-03-16 00:41:24,814] {{bash_operator.py:161}} INFO - Command exited with return code 0
[2021-03-16 00:41:24,859] {{taskinstance.py:1070}} INFO - Marking task as SUCCESS.dag_id=marketvol, task_id=move_tesla, execution_date=20210316T004100, start_date=20210316T004124, end_date=20210316T004124
[2021-03-16 00:41:29,093] {{local_task_job.py:102}} INFO - Task exited with return code 0
